<?xml version="1.0" encoding="UTF-8"?>
<!-- Generated by org.testng.reporters.JUnitReportReporter -->
<testsuite skipped="0" hostname="DESKTOP-87MMMFU" name="qaclickacademy.SeleniumTest" tests="2" failures="0" timestamp="2020-02-13T13:47:24 AEDT" time="0.013" errors="0">
  <testcase name="BrowserAUtomation" time="0.011" classname="qaclickacademy.SeleniumTest"/>
  <testcase name="elementsUi" time="0.002" classname="qaclickacademy.SeleniumTest"/>
</testsuite> <!-- qaclickacademy.SeleniumTest -->
