<?xml version="1.0" encoding="UTF-8"?>
<!-- Generated by org.testng.reporters.JUnitReportReporter -->
<testsuite skipped="0" hostname="DESKTOP-87MMMFU" name="qaclickacademy.AppiumTest" tests="2" failures="0" timestamp="2020-02-04T13:17:39 AEDT" time="0.007" errors="0">
  <testcase name="IOSApps" time="0.006" classname="qaclickacademy.AppiumTest"/>
  <system-out/>
  <testcase name="NativeAPpAndroid" time="0.001" classname="qaclickacademy.AppiumTest"/>
  <system-out/>
</testsuite> <!-- qaclickacademy.AppiumTest -->
